<?xml version="1.0" encoding="UTF-8"?>
<!-- Generated by org.testng.reporters.JUnitReportReporter -->
<testsuite hostname="DESKTOP-HV9ION6" failures="0" tests="1" name="TrainingQA.DemoMavenEclipseProject.AppTest" time="0.002" errors="0" timestamp="29 Dec 2019 19:54:42 GMT">
  <testcase classname="TrainingQA.DemoMavenEclipseProject.AppTest" name="shouldAnswerWithTrue" time="0.002"/>
</testsuite> <!-- TrainingQA.DemoMavenEclipseProject.AppTest -->
