<?xml version="1.0" encoding="UTF-8"?>
<!-- Generated by org.testng.reporters.JUnitReportReporter -->
<testsuite hostname="DESKTOP-HV9ION6" failures="0" tests="1" name="TrainingQA.DemoMavenEclipseProject.Project1" time="6.979" errors="0" timestamp="2 Jan 2020 19:20:27 GMT">
  <testcase classname="TrainingQA.DemoMavenEclipseProject.Project1" name="f" time="6.979"/>
</testsuite> <!-- TrainingQA.DemoMavenEclipseProject.Project1 -->
